[1210/211253.002:ERROR:directory_reader_win.cc(43)] FindFirstFile: El sistema no puede encontrar la ruta especificada. (0x3)
[1210/234913.679:ERROR:process_reader_win.cc(123)] NtOpenThread: {Acceso denegado} Un proceso ha solicitado acceso a un objeto, pero no se le han concedido esos derechos de acceso. (0xc0000022)
[1210/234913.700:ERROR:exception_snapshot_win.cc(99)] thread ID 6456 not found in process
[1210/234913.739:ERROR:process_reader_win.cc(151)] SuspendThread: Acceso denegado. (0x5)
[1210/234913.739:ERROR:process_reader_win.cc(151)] SuspendThread: Acceso denegado. (0x5)
[1210/234913.739:ERROR:process_reader_win.cc(151)] SuspendThread: Acceso denegado. (0x5)
[1210/234913.739:ERROR:process_reader_win.cc(151)] SuspendThread: Acceso denegado. (0x5)
[1210/234913.739:ERROR:process_reader_win.cc(123)] NtOpenThread: {Acceso denegado} Un proceso ha solicitado acceso a un objeto, pero no se le han concedido esos derechos de acceso. (0xc0000022)
[1210/234913.739:ERROR:exception_snapshot_win.cc(99)] thread ID 8280 not found in process
[1216/005630.766:ERROR:process_reader_win.cc(123)] NtOpenThread: {Acceso denegado} Un proceso ha solicitado acceso a un objeto, pero no se le han concedido esos derechos de acceso. (0xc0000022)
[1216/005630.776:ERROR:exception_snapshot_win.cc(99)] thread ID 840 not found in process
[1216/005630.804:ERROR:process_reader_win.cc(123)] NtOpenThread: {Acceso denegado} Un proceso ha solicitado acceso a un objeto, pero no se le han concedido esos derechos de acceso. (0xc0000022)
[1216/005630.804:ERROR:exception_snapshot_win.cc(99)] thread ID 19852 not found in process
[1216/012316.012:ERROR:process_reader_win.cc(151)] SuspendThread: Acceso denegado. (0x5)
[1216/012316.013:ERROR:process_reader_win.cc(151)] SuspendThread: Acceso denegado. (0x5)
[1216/012316.013:ERROR:process_reader_win.cc(151)] SuspendThread: Acceso denegado. (0x5)
[1216/012316.013:ERROR:process_reader_win.cc(151)] SuspendThread: Acceso denegado. (0x5)
[1216/012316.014:ERROR:process_reader_win.cc(151)] SuspendThread: Acceso denegado. (0x5)
[1216/012316.014:ERROR:process_reader_win.cc(151)] SuspendThread: Acceso denegado. (0x5)
[1216/012316.014:ERROR:process_reader_win.cc(151)] SuspendThread: Acceso denegado. (0x5)
[1216/012316.014:ERROR:process_reader_win.cc(151)] SuspendThread: Acceso denegado. (0x5)
[1216/012316.014:ERROR:process_reader_win.cc(151)] SuspendThread: Acceso denegado. (0x5)
[1216/012316.014:ERROR:process_reader_win.cc(151)] SuspendThread: Acceso denegado. (0x5)
[1216/012316.014:ERROR:process_reader_win.cc(151)] SuspendThread: Acceso denegado. (0x5)
[1216/012316.014:ERROR:process_reader_win.cc(151)] SuspendThread: Acceso denegado. (0x5)
[1216/012316.014:ERROR:process_reader_win.cc(151)] SuspendThread: Acceso denegado. (0x5)
[1216/012316.014:ERROR:process_reader_win.cc(123)] NtOpenThread: {Acceso denegado} Un proceso ha solicitado acceso a un objeto, pero no se le han concedido esos derechos de acceso. (0xc0000022)
[1216/012316.014:ERROR:exception_snapshot_win.cc(99)] thread ID 18088 not found in process
[1216/012316.031:ERROR:process_reader_win.cc(151)] SuspendThread: Acceso denegado. (0x5)
[1216/012316.012:ERROR:process_reader_win.cc(151)] SuspendThread: Acceso denegado. (0x5)
[1216/012316.031:ERROR:process_reader_win.cc(151)] SuspendThread: Acceso denegado. (0x5)
[1216/012316.032:ERROR:process_reader_win.cc(151)] SuspendThread: Acceso denegado. (0x5)
[1216/012316.032:ERROR:process_reader_win.cc(151)] SuspendThread: Acceso denegado. (0x5)
[1216/012316.032:ERROR:process_reader_win.cc(151)] SuspendThread: Acceso denegado. (0x5)
[1216/012316.032:ERROR:process_reader_win.cc(151)] SuspendThread: Acceso denegado. (0x5)
[1216/012316.032:ERROR:process_reader_win.cc(151)] SuspendThread: Acceso denegado. (0x5)
[1216/012316.032:ERROR:process_reader_win.cc(151)] SuspendThread: Acceso denegado. (0x5)
[1216/012316.032:ERROR:process_reader_win.cc(123)] NtOpenThread: {Acceso denegado} Un proceso ha solicitado acceso a un objeto, pero no se le han concedido esos derechos de acceso. (0xc0000022)
[1216/012316.032:ERROR:exception_snapshot_win.cc(99)] thread ID 11000 not found in process
[1216/012316.032:ERROR:process_reader_win.cc(151)] SuspendThread: Acceso denegado. (0x5)
[1216/012316.032:ERROR:process_reader_win.cc(151)] SuspendThread: Acceso denegado. (0x5)
[1216/012316.032:ERROR:process_reader_win.cc(151)] SuspendThread: Acceso denegado. (0x5)
[1216/012316.032:ERROR:process_reader_win.cc(151)] SuspendThread: Acceso denegado. (0x5)
[1216/012316.032:ERROR:process_reader_win.cc(151)] SuspendThread: Acceso denegado. (0x5)
[1216/012316.032:ERROR:process_reader_win.cc(151)] SuspendThread: Acceso denegado. (0x5)
[1216/012316.032:ERROR:process_reader_win.cc(123)] NtOpenThread: {Acceso denegado} Un proceso ha solicitado acceso a un objeto, pero no se le han concedido esos derechos de acceso. (0xc0000022)
[1216/012316.032:ERROR:exception_snapshot_win.cc(99)] thread ID 19660 not found in process
[1216/012316.042:ERROR:process_reader_win.cc(151)] SuspendThread: Acceso denegado. (0x5)
[1216/012316.042:ERROR:process_reader_win.cc(151)] SuspendThread: Acceso denegado. (0x5)
[1216/012316.042:ERROR:process_reader_win.cc(151)] SuspendThread: Acceso denegado. (0x5)
[1216/012316.042:ERROR:process_reader_win.cc(123)] NtOpenThread: {Acceso denegado} Un proceso ha solicitado acceso a un objeto, pero no se le han concedido esos derechos de acceso. (0xc0000022)
[1216/012316.042:ERROR:exception_snapshot_win.cc(99)] thread ID 18024 not found in process
[1216/014151.262:ERROR:directory_reader_win.cc(43)] FindFirstFile: El sistema no puede encontrar la ruta especificada. (0x3)
[1218/232726.506:ERROR:process_reader_win.cc(151)] SuspendThread: Acceso denegado. (0x5)
[1218/232726.524:ERROR:process_reader_win.cc(151)] SuspendThread: Acceso denegado. (0x5)
[1218/232726.526:ERROR:process_reader_win.cc(151)] SuspendThread: Acceso denegado. (0x5)
[1218/232726.526:ERROR:process_reader_win.cc(123)] NtOpenThread: {Acceso denegado} Un proceso ha solicitado acceso a un objeto, pero no se le han concedido esos derechos de acceso. (0xc0000022)
[1218/232726.527:ERROR:exception_snapshot_win.cc(99)] thread ID 1228 not found in process
[1218/232726.527:ERROR:process_reader_win.cc(151)] SuspendThread: Acceso denegado. (0x5)
[1218/232726.527:ERROR:process_reader_win.cc(151)] SuspendThread: Acceso denegado. (0x5)
[1218/232726.527:ERROR:process_reader_win.cc(151)] SuspendThread: Acceso denegado. (0x5)
[1218/232726.527:ERROR:process_reader_win.cc(151)] SuspendThread: Acceso denegado. (0x5)
[1218/232726.527:ERROR:process_reader_win.cc(123)] NtOpenThread: {Acceso denegado} Un proceso ha solicitado acceso a un objeto, pero no se le han concedido esos derechos de acceso. (0xc0000022)
[1218/232726.527:ERROR:exception_snapshot_win.cc(99)] thread ID 14460 not found in process
[1218/232726.526:ERROR:process_reader_win.cc(123)] NtOpenThread: {Acceso denegado} Un proceso ha solicitado acceso a un objeto, pero no se le han concedido esos derechos de acceso. (0xc0000022)
[1218/232726.530:ERROR:exception_snapshot_win.cc(99)] thread ID 7960 not found in process
[1218/232726.531:ERROR:process_reader_win.cc(151)] SuspendThread: Acceso denegado. (0x5)
[1218/232726.531:ERROR:process_reader_win.cc(151)] SuspendThread: Acceso denegado. (0x5)
[1218/232726.531:ERROR:process_reader_win.cc(151)] SuspendThread: Acceso denegado. (0x5)
[1218/232726.531:ERROR:process_reader_win.cc(151)] SuspendThread: Acceso denegado. (0x5)
[1218/232726.531:ERROR:process_reader_win.cc(123)] NtOpenThread: {Acceso denegado} Un proceso ha solicitado acceso a un objeto, pero no se le han concedido esos derechos de acceso. (0xc0000022)
[1218/232726.531:ERROR:exception_snapshot_win.cc(99)] thread ID 9964 not found in process
[1218/233301.952:ERROR:process_reader_win.cc(123)] NtOpenThread: {Acceso denegado} Un proceso ha solicitado acceso a un objeto, pero no se le han concedido esos derechos de acceso. (0xc0000022)
[1218/233301.953:ERROR:exception_snapshot_win.cc(99)] thread ID 1316 not found in process
[1218/233301.956:ERROR:process_reader_win.cc(123)] NtOpenThread: {Acceso denegado} Un proceso ha solicitado acceso a un objeto, pero no se le han concedido esos derechos de acceso. (0xc0000022)
[1218/233301.956:ERROR:exception_snapshot_win.cc(99)] thread ID 10136 not found in process
[1218/233511.188:ERROR:process_reader_win.cc(151)] SuspendThread: Acceso denegado. (0x5)
[1218/233511.189:ERROR:process_reader_win.cc(151)] SuspendThread: Acceso denegado. (0x5)
[1218/233511.189:ERROR:process_reader_win.cc(123)] NtOpenThread: {Acceso denegado} Un proceso ha solicitado acceso a un objeto, pero no se le han concedido esos derechos de acceso. (0xc0000022)
[1218/233511.189:ERROR:exception_snapshot_win.cc(99)] thread ID 20716 not found in process
[1218/233511.214:ERROR:process_reader_win.cc(123)] NtOpenThread: {Acceso denegado} Un proceso ha solicitado acceso a un objeto, pero no se le han concedido esos derechos de acceso. (0xc0000022)
[1218/233511.214:ERROR:exception_snapshot_win.cc(99)] thread ID 24224 not found in process
[1218/233623.320:ERROR:process_reader_win.cc(151)] SuspendThread: Acceso denegado. (0x5)
[1218/233623.321:ERROR:process_reader_win.cc(151)] SuspendThread: Acceso denegado. (0x5)
[1218/233623.321:ERROR:process_reader_win.cc(123)] NtOpenThread: {Acceso denegado} Un proceso ha solicitado acceso a un objeto, pero no se le han concedido esos derechos de acceso. (0xc0000022)
[1218/233623.321:ERROR:exception_snapshot_win.cc(99)] thread ID 12812 not found in process
[1218/233623.338:ERROR:process_reader_win.cc(123)] NtOpenThread: {Acceso denegado} Un proceso ha solicitado acceso a un objeto, pero no se le han concedido esos derechos de acceso. (0xc0000022)
[1218/233623.338:ERROR:exception_snapshot_win.cc(99)] thread ID 12000 not found in process
[1219/001801.826:ERROR:directory_reader_win.cc(43)] FindFirstFile: El sistema no puede encontrar la ruta especificada. (0x3)
[1219/001914.984:ERROR:directory_reader_win.cc(43)] FindFirstFile: El sistema no puede encontrar la ruta especificada. (0x3)
[1219/002300.216:ERROR:process_memory_win.cc(73)] ReadMemory at 0x7ff62cbb0000 of 64 bytes failed: Solo se completó una parte de una solicitud ReadProcessMemory o WriteProcessMemory. (0x12B)
[1219/002300.216:WARNING:pe_image_reader.cc(340)] could not read dos header from C:\Program Files (x86)\Google\Chrome\Application\chrome.exe
[1219/002300.216:ERROR:process_memory_win.cc(73)] ReadMemory at 0x1cf35aa0750 of 72 bytes failed: Solo se completó una parte de una solicitud ReadProcessMemory o WriteProcessMemory. (0x12B)
[1219/002300.216:WARNING:pe_image_annotations_reader.cc(135)] could not read annotations list object in C:\Program Files (x86)\Google\Chrome\Application\87.0.4280.88\chrome_elf.dll
[1219/002300.216:ERROR:process_memory_win.cc(73)] ReadMemory at 0x7ffe245e0000 of 64 bytes failed: Solo se completó una parte de una solicitud ReadProcessMemory o WriteProcessMemory. (0x12B)
[1219/002300.216:WARNING:pe_image_reader.cc(340)] could not read dos header from C:\Program Files (x86)\Google\Chrome\Application\87.0.4280.88\chrome.dll
[1219/002300.217:ERROR:process_memory_win.cc(73)] ReadMemory at 0x1cf35cb0000 of 64 bytes failed: Solo se completó una parte de una solicitud ReadProcessMemory o WriteProcessMemory. (0x12B)
[1219/002300.217:WARNING:pe_image_reader.cc(340)] could not read dos header from C:\Windows\System32\IMM32.DLL
[1219/002300.217:ERROR:process_memory_win.cc(73)] ReadMemory at 0x1cf37560000 of 64 bytes failed: Solo se completó una parte de una solicitud ReadProcessMemory o WriteProcessMemory. (0x12B)
[1219/002300.217:WARNING:pe_image_reader.cc(340)] could not read dos header from C:\Windows\System32\SHCORE.dll
[1219/002300.222:ERROR:process_memory_win.cc(73)] ReadMemory at 0x7ff62cbb0000 of 64 bytes failed: Solo se completó una parte de una solicitud ReadProcessMemory o WriteProcessMemory. (0x12B)
[1219/002300.222:WARNING:pe_image_reader.cc(340)] could not read dos header from C:\Program Files (x86)\Google\Chrome\Application\chrome.exe
[1219/002300.222:ERROR:process_memory_win.cc(73)] ReadMemory at 0x1cf35aa0750 of 72 bytes failed: Solo se completó una parte de una solicitud ReadProcessMemory o WriteProcessMemory. (0x12B)
[1219/002300.222:WARNING:pe_image_annotations_reader.cc(135)] could not read annotations list object in C:\Program Files (x86)\Google\Chrome\Application\87.0.4280.88\chrome_elf.dll
[1219/002300.222:ERROR:process_memory_win.cc(73)] ReadMemory at 0x7ffe245e0000 of 64 bytes failed: Solo se completó una parte de una solicitud ReadProcessMemory o WriteProcessMemory. (0x12B)
[1219/002300.222:WARNING:pe_image_reader.cc(340)] could not read dos header from C:\Program Files (x86)\Google\Chrome\Application\87.0.4280.88\chrome.dll
[1219/002300.224:ERROR:process_memory_win.cc(73)] ReadMemory at 0x1cf35cb0000 of 64 bytes failed: Solo se completó una parte de una solicitud ReadProcessMemory o WriteProcessMemory. (0x12B)
[1219/002300.224:WARNING:pe_image_reader.cc(340)] could not read dos header from C:\Windows\System32\IMM32.DLL
[1219/002300.224:ERROR:process_memory_win.cc(73)] ReadMemory at 0x1cf37560000 of 64 bytes failed: Solo se completó una parte de una solicitud ReadProcessMemory o WriteProcessMemory. (0x12B)
[1219/002300.224:WARNING:pe_image_reader.cc(340)] could not read dos header from C:\Windows\System32\SHCORE.dll
[1219/002300.224:ERROR:process_memory_win.cc(73)] ReadMemory at 0x7ff62cbb0000 of 64 bytes failed: Solo se completó una parte de una solicitud ReadProcessMemory o WriteProcessMemory. (0x12B)
[1219/002300.224:WARNING:pe_image_reader.cc(340)] could not read dos header from C:\Program Files (x86)\Google\Chrome\Application\chrome.exe
[1219/002300.224:ERROR:process_memory_win.cc(73)] ReadMemory at 0x1cf35aa0750 of 72 bytes failed: Solo se completó una parte de una solicitud ReadProcessMemory o WriteProcessMemory. (0x12B)
[1219/002300.224:WARNING:pe_image_annotations_reader.cc(135)] could not read annotations list object in C:\Program Files (x86)\Google\Chrome\Application\87.0.4280.88\chrome_elf.dll
[1219/002300.224:ERROR:process_memory_win.cc(73)] ReadMemory at 0x7ffe245e0000 of 64 bytes failed: Solo se completó una parte de una solicitud ReadProcessMemory o WriteProcessMemory. (0x12B)
[1219/002300.224:WARNING:pe_image_reader.cc(340)] could not read dos header from C:\Program Files (x86)\Google\Chrome\Application\87.0.4280.88\chrome.dll
[1219/002300.225:ERROR:process_memory_win.cc(73)] ReadMemory at 0x1cf35cb0000 of 64 bytes failed: Solo se completó una parte de una solicitud ReadProcessMemory o WriteProcessMemory. (0x12B)
[1219/002300.225:WARNING:pe_image_reader.cc(340)] could not read dos header from C:\Windows\System32\IMM32.DLL
[1219/002300.225:ERROR:process_memory_win.cc(73)] ReadMemory at 0x1cf37560000 of 64 bytes failed: Solo se completó una parte de una solicitud ReadProcessMemory o WriteProcessMemory. (0x12B)
[1219/002300.225:WARNING:pe_image_reader.cc(340)] could not read dos header from C:\Windows\System32\SHCORE.dll
[1219/002300.233:ERROR:process_memory_win.cc(73)] ReadMemory at 0x8c7c7e2000 of 122880 bytes failed: Solo se completó una parte de una solicitud ReadProcessMemory o WriteProcessMemory. (0x12B)
[1219/002300.233:ERROR:process_memory_win.cc(73)] ReadMemory at 0x8c7cffe000 of 8192 bytes failed: Solo se completó una parte de una solicitud ReadProcessMemory o WriteProcessMemory. (0x12B)
[1219/002300.233:ERROR:process_memory_win.cc(73)] ReadMemory at 0x8c7d7fa000 of 24576 bytes failed: Solo se completó una parte de una solicitud ReadProcessMemory o WriteProcessMemory. (0x12B)
[1219/002300.233:ERROR:process_memory_win.cc(73)] ReadMemory at 0x8c7dffe000 of 8192 bytes failed: Solo se completó una parte de una solicitud ReadProcessMemory o WriteProcessMemory. (0x12B)
[1219/002300.233:ERROR:process_memory_win.cc(73)] ReadMemory at 0x8c7e7fc000 of 16384 bytes failed: Solo se completó una parte de una solicitud ReadProcessMemory o WriteProcessMemory. (0x12B)
[1219/002300.233:ERROR:process_memory_win.cc(73)] ReadMemory at 0x8c7f7fe000 of 8192 bytes failed: Solo se completó una parte de una solicitud ReadProcessMemory o WriteProcessMemory. (0x12B)
[1219/002300.234:ERROR:process_memory_win.cc(73)] ReadMemory at 0x8c7fffd000 of 12288 bytes failed: Solo se completó una parte de una solicitud ReadProcessMemory o WriteProcessMemory. (0x12B)
[1219/002300.234:ERROR:process_memory_win.cc(73)] ReadMemory at 0x8c007fd000 of 12288 bytes failed: Solo se completó una parte de una solicitud ReadProcessMemory o WriteProcessMemory. (0x12B)
[1219/002300.234:ERROR:process_memory_win.cc(73)] ReadMemory at 0x8c017fe000 of 8192 bytes failed: Solo se completó una parte de una solicitud ReadProcessMemory o WriteProcessMemory. (0x12B)
[1219/002300.234:ERROR:process_memory_win.cc(73)] ReadMemory at 0x8c01ffb000 of 20480 bytes failed: Solo se completó una parte de una solicitud ReadProcessMemory o WriteProcessMemory. (0x12B)
[1219/002300.234:ERROR:process_memory_win.cc(73)] ReadMemory at 0x8c027fb000 of 20480 bytes failed: Solo se completó una parte de una solicitud ReadProcessMemory o WriteProcessMemory. (0x12B)
[1219/002300.234:ERROR:process_memory_win.cc(73)] ReadMemory at 0x8c02ffe000 of 8192 bytes failed: Solo se completó una parte de una solicitud ReadProcessMemory o WriteProcessMemory. (0x12B)
[1219/002300.234:ERROR:process_memory_win.cc(73)] ReadMemory at 0x8c00ffe000 of 8192 bytes failed: Solo se completó una parte de una solicitud ReadProcessMemory o WriteProcessMemory. (0x12B)
[1219/002300.234:ERROR:process_memory_win.cc(73)] ReadMemory at 0x8c037fe000 of 8192 bytes failed: Solo se completó una parte de una solicitud ReadProcessMemory o WriteProcessMemory. (0x12B)
[1219/002300.234:ERROR:process_memory_win.cc(73)] ReadMemory at 0x8c7be02000 of 6024 bytes failed: Solo se completó una parte de una solicitud ReadProcessMemory o WriteProcessMemory. (0x12B)
[1219/002300.234:ERROR:process_memory_win.cc(73)] ReadMemory at 0x8c7bfd8000 of 852 bytes failed: Solo se completó una parte de una solicitud ReadProcessMemory o WriteProcessMemory. (0x12B)
[1219/002300.234:ERROR:process_memory_win.cc(73)] ReadMemory at 0x8c7bfd9000 of 6024 bytes failed: Solo se completó una parte de una solicitud ReadProcessMemory o WriteProcessMemory. (0x12B)
[1219/002300.234:ERROR:process_memory_win.cc(73)] ReadMemory at 0x8c7bfdb000 of 6024 bytes failed: Solo se completó una parte de una solicitud ReadProcessMemory o WriteProcessMemory. (0x12B)
[1219/002300.234:ERROR:process_memory_win.cc(73)] ReadMemory at 0x8c7bfdd000 of 6024 bytes failed: Solo se completó una parte de una solicitud ReadProcessMemory o WriteProcessMemory. (0x12B)
[1219/002300.234:ERROR:process_memory_win.cc(73)] ReadMemory at 0x8c7bfdf000 of 6024 bytes failed: Solo se completó una parte de una solicitud ReadProcessMemory o WriteProcessMemory. (0x12B)
[1219/002300.234:ERROR:process_memory_win.cc(73)] ReadMemory at 0x8c7bfe1000 of 6024 bytes failed: Solo se completó una parte de una solicitud ReadProcessMemory o WriteProcessMemory. (0x12B)
[1219/002300.234:ERROR:process_memory_win.cc(73)] ReadMemory at 0x8c7bfe5000 of 6024 bytes failed: Solo se completó una parte de una solicitud ReadProcessMemory o WriteProcessMemory. (0x12B)
[1219/002300.235:ERROR:process_memory_win.cc(73)] ReadMemory at 0x8c7bfe7000 of 6024 bytes failed: Solo se completó una parte de una solicitud ReadProcessMemory o WriteProcessMemory. (0x12B)
[1219/002300.235:ERROR:process_memory_win.cc(73)] ReadMemory at 0x8c7bfe9000 of 6024 bytes failed: Solo se completó una parte de una solicitud ReadProcessMemory o WriteProcessMemory. (0x12B)
[1219/002300.235:ERROR:process_memory_win.cc(73)] ReadMemory at 0x8c7bfed000 of 6024 bytes failed: Solo se completó una parte de una solicitud ReadProcessMemory o WriteProcessMemory. (0x12B)
[1219/002300.235:ERROR:process_memory_win.cc(73)] ReadMemory at 0x8c7bfef000 of 6024 bytes failed: Solo se completó una parte de una solicitud ReadProcessMemory o WriteProcessMemory. (0x12B)
[1219/002300.235:ERROR:process_memory_win.cc(73)] ReadMemory at 0x8c7bff1000 of 6024 bytes failed: Solo se completó una parte de una solicitud ReadProcessMemory o WriteProcessMemory. (0x12B)
[1219/002300.235:ERROR:process_memory_win.cc(73)] ReadMemory at 0x8c7bff3000 of 6024 bytes failed: Solo se completó una parte de una solicitud ReadProcessMemory o WriteProcessMemory. (0x12B)
[1219/002300.235:ERROR:process_memory_win.cc(73)] ReadMemory at 0x8c7bff7000 of 6024 bytes failed: Solo se completó una parte de una solicitud ReadProcessMemory o WriteProcessMemory. (0x12B)
[1219/002300.235:ERROR:process_memory_win.cc(73)] ReadMemory at 0x1cf35910d00 of 896 bytes failed: Solo se completó una parte de una solicitud ReadProcessMemory o WriteProcessMemory. (0x12B)
[1219/002300.235:ERROR:process_memory_win.cc(73)] ReadMemory at 0x1cf35a90fe0 of 8454 bytes failed: Solo se completó una parte de una solicitud ReadProcessMemory o WriteProcessMemory. (0x12B)
[1219/002300.235:ERROR:process_memory_win.cc(73)] ReadMemory at 0x1cf35a930f0 of 1012 bytes failed: Solo se completó una parte de una solicitud ReadProcessMemory o WriteProcessMemory. (0x12B)
[1219/002300.235:ERROR:process_memory_win.cc(73)] ReadMemory at 0x1cf35a93738 of 118 bytes failed: Solo se completó una parte de una solicitud ReadProcessMemory o WriteProcessMemory. (0x12B)
[1219/002300.235:ERROR:process_memory_win.cc(73)] ReadMemory at 0x1cf35a937b0 of 1210 bytes failed: Solo se completó una parte de una solicitud ReadProcessMemory o WriteProcessMemory. (0x12B)
[1219/002300.235:ERROR:process_memory_win.cc(73)] ReadMemory at 0x1cf35a93c6c of 118 bytes failed: Solo se completó una parte de una solicitud ReadProcessMemory o WriteProcessMemory. (0x12B)
[1219/002300.235:ERROR:process_memory_win.cc(73)] ReadMemory at 0x1cf35a93ce4 of 102 bytes failed: Solo se completó una parte de una solicitud ReadProcessMemory o WriteProcessMemory. (0x12B)
[1219/002300.235:ERROR:process_memory_win.cc(73)] ReadMemory at 0x1cf35a93d60 of 58 bytes failed: Solo se completó una parte de una solicitud ReadProcessMemory o WriteProcessMemory. (0x12B)
[1219/002300.235:ERROR:process_memory_win.cc(73)] ReadMemory at 0x1cf35a93e60 of 132 bytes failed: Solo se completó una parte de una solicitud ReadProcessMemory o WriteProcessMemory. (0x12B)
[1219/002300.235:ERROR:process_memory_win.cc(73)] ReadMemory at 0x1cf35a93ff0 of 132 bytes failed: Solo se completó una parte de una solicitud ReadProcessMemory o WriteProcessMemory. (0x12B)
[1219/002300.235:ERROR:process_memory_win.cc(73)] ReadMemory at 0x1cf35a941b0 of 124 bytes failed: Solo se completó una parte de una solicitud ReadProcessMemory o WriteProcessMemory. (0x12B)
[1219/002300.235:ERROR:process_memory_win.cc(73)] ReadMemory at 0x1cf35a946b0 of 132 bytes failed: Solo se completó una parte de una solicitud ReadProcessMemory o WriteProcessMemory. (0x12B)
[1219/002300.236:ERROR:process_memory_win.cc(73)] ReadMemory at 0x1cf35a94840 of 64 bytes failed: Solo se completó una parte de una solicitud ReadProcessMemory o WriteProcessMemory. (0x12B)
[1219/002300.236:ERROR:process_memory_win.cc(73)] ReadMemory at 0x1cf35a94a00 of 132 bytes failed: Solo se completó una parte de una solicitud ReadProcessMemory o WriteProcessMemory. (0x12B)
[1219/002300.236:ERROR:process_memory_win.cc(73)] ReadMemory at 0x1cf35a94cc0 of 132 bytes failed: Solo se completó una parte de una solicitud ReadProcessMemory o WriteProcessMemory. (0x12B)
[1219/002300.236:ERROR:process_memory_win.cc(73)] ReadMemory at 0x1cf35a94e50 of 68 bytes failed: Solo se completó una parte de una solicitud ReadProcessMemory o WriteProcessMemory. (0x12B)
[1219/002300.236:ERROR:process_memory_win.cc(73)] ReadMemory at 0x1cf35a95f90 of 132 bytes failed: Solo se completó una parte de una solicitud ReadProcessMemory o WriteProcessMemory. (0x12B)
[1219/002300.236:ERROR:process_memory_win.cc(73)] ReadMemory at 0x1cf35a96120 of 152 bytes failed: Solo se completó una parte de una solicitud ReadProcessMemory o WriteProcessMemory. (0x12B)
[1219/002300.236:ERROR:process_memory_win.cc(73)] ReadMemory at 0x1cf35a98890 of 62 bytes failed: Solo se completó una parte de una solicitud ReadProcessMemory o WriteProcessMemory. (0x12B)
[1219/002300.236:ERROR:process_memory_win.cc(73)] ReadMemory at 0x1cf35a98a80 of 132 bytes failed: Solo se completó una parte de una solicitud ReadProcessMemory o WriteProcessMemory. (0x12B)
[1219/002300.236:ERROR:process_memory_win.cc(73)] ReadMemory at 0x1cf35a98bb0 of 60 bytes failed: Solo se completó una parte de una solicitud ReadProcessMemory o WriteProcessMemory. (0x12B)
[1219/002300.236:ERROR:process_memory_win.cc(73)] ReadMemory at 0x1cf35a9dd81 of 512 bytes failed: Solo se completó una parte de una solicitud ReadProcessMemory o WriteProcessMemory. (0x12B)
[1219/002300.236:ERROR:process_memory_win.cc(73)] ReadMemory at 0x1cf35aa74c0 of 144 bytes failed: Solo se completó una parte de una solicitud ReadProcessMemory o WriteProcessMemory. (0x12B)
[1219/002300.236:ERROR:process_memory_win.cc(73)] ReadMemory at 0x1cf35aa75b0 of 132 bytes failed: Solo se completó una parte de una solicitud ReadProcessMemory o WriteProcessMemory. (0x12B)
[1219/002300.236:ERROR:process_memory_win.cc(73)] ReadMemory at 0x1cf35aa7920 of 132 bytes failed: Solo se completó una parte de una solicitud ReadProcessMemory o WriteProcessMemory. (0x12B)
[1219/002300.236:ERROR:process_memory_win.cc(73)] ReadMemory at 0x1cf35aa7a50 of 132 bytes failed: Solo se completó una parte de una solicitud ReadProcessMemory o WriteProcessMemory. (0x12B)
[1219/002300.236:ERROR:process_memory_win.cc(73)] ReadMemory at 0x1cf35aa7c60 of 132 bytes failed: Solo se completó una parte de una solicitud ReadProcessMemory o WriteProcessMemory. (0x12B)
[1219/002300.236:ERROR:process_memory_win.cc(73)] ReadMemory at 0x1cf35aa9d40 of 60 bytes failed: Solo se completó una parte de una solicitud ReadProcessMemory o WriteProcessMemory. (0x12B)
[1219/002300.236:ERROR:process_memory_win.cc(73)] ReadMemory at 0x1cf35aa9de0 of 62 bytes failed: Solo se completó una parte de una solicitud ReadProcessMemory o WriteProcessMemory. (0x12B)
[1219/002300.236:ERROR:process_memory_win.cc(73)] ReadMemory at 0x1cf35aa9e30 of 64 bytes failed: Solo se completó una parte de una solicitud ReadProcessMemory o WriteProcessMemory. (0x12B)
[1219/002300.236:ERROR:process_memory_win.cc(73)] ReadMemory at 0x1cf35aa9f20 of 60 bytes failed: Solo se completó una parte de una solicitud ReadProcessMemory o WriteProcessMemory. (0x12B)
[1219/002300.236:ERROR:process_memory_win.cc(73)] ReadMemory at 0x1cf35aaa010 of 66 bytes failed: Solo se completó una parte de una solicitud ReadProcessMemory o WriteProcessMemory. (0x12B)
[1219/002300.236:ERROR:process_memory_win.cc(73)] ReadMemory at 0x1cf35aaa0b0 of 62 bytes failed: Solo se completó una parte de una solicitud ReadProcessMemory o WriteProcessMemory. (0x12B)
[1219/002300.236:ERROR:process_memory_win.cc(73)] ReadMemory at 0x1cf35aaa2e0 of 64 bytes failed: Solo se completó una parte de una solicitud ReadProcessMemory o WriteProcessMemory. (0x12B)
[1219/002300.236:ERROR:process_memory_win.cc(73)] ReadMemory at 0x1cf35aaa380 of 64 bytes failed: Solo se completó una parte de una solicitud ReadProcessMemory o WriteProcessMemory. (0x12B)
[1219/002300.237:ERROR:process_memory_win.cc(73)] ReadMemory at 0x1cf35aaa420 of 58 bytes failed: Solo se completó una parte de una solicitud ReadProcessMemory o WriteProcessMemory. (0x12B)
[1219/002300.237:ERROR:process_memory_win.cc(73)] ReadMemory at 0x1cf35aaa4c0 of 62 bytes failed: Solo se completó una parte de una solicitud ReadProcessMemory o WriteProcessMemory. (0x12B)
[1219/002300.237:ERROR:process_memory_win.cc(73)] ReadMemory at 0x1cf35aaa510 of 62 bytes failed: Solo se completó una parte de una solicitud ReadProcessMemory o WriteProcessMemory. (0x12B)
[1219/002300.237:ERROR:process_memory_win.cc(73)] ReadMemory at 0x1cf35aaa560 of 62 bytes failed: Solo se completó una parte de una solicitud ReadProcessMemory o WriteProcessMemory. (0x12B)
[1219/002300.237:ERROR:process_memory_win.cc(73)] ReadMemory at 0x1cf35aaa650 of 62 bytes failed: Solo se completó una parte de una solicitud ReadProcessMemory o WriteProcessMemory. (0x12B)
[1219/002300.237:ERROR:process_memory_win.cc(73)] ReadMemory at 0x1cf35aaa6a0 of 60 bytes failed: Solo se completó una parte de una solicitud ReadProcessMemory o WriteProcessMemory. (0x12B)
[1219/002300.237:ERROR:process_memory_win.cc(73)] ReadMemory at 0x1cf35aaa6f0 of 62 bytes failed: Solo se completó una parte de una solicitud ReadProcessMemory o WriteProcessMemory. (0x12B)
[1219/002300.237:ERROR:process_memory_win.cc(73)] ReadMemory at 0x1cf35aaa790 of 64 bytes failed: Solo se completó una parte de una solicitud ReadProcessMemory o WriteProcessMemory. (0x12B)
[1219/002300.237:ERROR:process_memory_win.cc(73)] ReadMemory at 0x1cf35aaa830 of 64 bytes failed: Solo se completó una parte de una solicitud ReadProcessMemory o WriteProcessMemory. (0x12B)
[1219/002300.237:ERROR:process_memory_win.cc(73)] ReadMemory at 0x1cf35aaa880 of 64 bytes failed: Solo se completó una parte de una solicitud ReadProcessMemory o WriteProcessMemory. (0x12B)
[1219/002300.237:ERROR:process_memory_win.cc(73)] ReadMemory at 0x1cf35aaaab0 of 64 bytes failed: Solo se completó una parte de una solicitud ReadProcessMemory o WriteProcessMemory. (0x12B)
[1219/002300.237:ERROR:process_memory_win.cc(73)] ReadMemory at 0x1cf35aaab00 of 62 bytes failed: Solo se completó una parte de una solicitud ReadProcessMemory o WriteProcessMemory. (0x12B)
[1219/002300.237:ERROR:process_memory_win.cc(73)] ReadMemory at 0x1cf35aaab50 of 62 bytes failed: Solo se completó una parte de una solicitud ReadProcessMemory o WriteProcessMemory. (0x12B)
[1219/002300.237:ERROR:process_memory_win.cc(73)] ReadMemory at 0x1cf35aac4f0 of 132 bytes failed: Solo se completó una parte de una solicitud ReadProcessMemory o WriteProcessMemory. (0x12B)
[1219/002300.237:ERROR:process_memory_win.cc(73)] ReadMemory at 0x1cf35aac620 of 132 bytes failed: Solo se completó una parte de una solicitud ReadProcessMemory o WriteProcessMemory. (0x12B)
[1219/002300.237:ERROR:process_memory_win.cc(73)] ReadMemory at 0x1cf35aacbb0 of 132 bytes failed: Solo se completó una parte de una solicitud ReadProcessMemory o WriteProcessMemory. (0x12B)
[1219/002300.237:ERROR:process_memory_win.cc(73)] ReadMemory at 0x1cf35aad550 of 132 bytes failed: Solo se completó una parte de una solicitud ReadProcessMemory o WriteProcessMemory. (0x12B)
[1219/002300.237:ERROR:process_memory_win.cc(73)] ReadMemory at 0x1cf35aad680 of 132 bytes failed: Solo se completó una parte de una solicitud ReadProcessMemory o WriteProcessMemory. (0x12B)
[1219/002300.237:ERROR:process_memory_win.cc(73)] ReadMemory at 0x1cf35aad7b0 of 132 bytes failed: Solo se completó una parte de una solicitud ReadProcessMemory o WriteProcessMemory. (0x12B)
[1219/002300.237:ERROR:process_memory_win.cc(73)] ReadMemory at 0x1cf35aad8e0 of 132 bytes failed: Solo se completó una parte de una solicitud ReadProcessMemory o WriteProcessMemory. (0x12B)
[1219/002300.237:ERROR:process_memory_win.cc(73)] ReadMemory at 0x1cf35aada10 of 132 bytes failed: Solo se completó una parte de una solicitud ReadProcessMemory o WriteProcessMemory. (0x12B)
[1219/002300.238:ERROR:process_memory_win.cc(73)] ReadMemory at 0x1cf35aadb40 of 132 bytes failed: Solo se completó una parte de una solicitud ReadProcessMemory o WriteProcessMemory. (0x12B)
[1219/002300.238:ERROR:process_memory_win.cc(73)] ReadMemory at 0x1cf35aaf0b0 of 132 bytes failed: Solo se completó una parte de una solicitud ReadProcessMemory o WriteProcessMemory. (0x12B)
[1219/002300.238:ERROR:process_memory_win.cc(73)] ReadMemory at 0x1cf35aaf2d0 of 132 bytes failed: Solo se completó una parte de una solicitud ReadProcessMemory o WriteProcessMemory. (0x12B)
[1219/002300.238:ERROR:process_memory_win.cc(73)] ReadMemory at 0x1cf35ab4120 of 132 bytes failed: Solo se completó una parte de una solicitud ReadProcessMemory o WriteProcessMemory. (0x12B)
[1219/002300.238:ERROR:process_memory_win.cc(73)] ReadMemory at 0x1cf35ab4380 of 132 bytes failed: Solo se completó una parte de una solicitud ReadProcessMemory o WriteProcessMemory. (0x12B)
[1219/002300.238:ERROR:process_memory_win.cc(73)] ReadMemory at 0x1cf35ab44b0 of 132 bytes failed: Solo se completó una parte de una solicitud ReadProcessMemory o WriteProcessMemory. (0x12B)
[1219/002300.238:ERROR:process_memory_win.cc(73)] ReadMemory at 0x1cf35ab45e0 of 132 bytes failed: Solo se completó una parte de una solicitud ReadProcessMemory o WriteProcessMemory. (0x12B)
[1219/002300.238:ERROR:process_memory_win.cc(73)] ReadMemory at 0x1cf35ab4710 of 132 bytes failed: Solo se completó una parte de una solicitud ReadProcessMemory o WriteProcessMemory. (0x12B)
[1219/002300.238:ERROR:process_memory_win.cc(73)] ReadMemory at 0x1cf35ab4840 of 132 bytes failed: Solo se completó una parte de una solicitud ReadProcessMemory o WriteProcessMemory. (0x12B)
[1219/002300.238:ERROR:process_memory_win.cc(73)] ReadMemory at 0x1cf35ab4970 of 132 bytes failed: Solo se completó una parte de una solicitud ReadProcessMemory o WriteProcessMemory. (0x12B)
[1219/002300.238:ERROR:process_memory_win.cc(73)] ReadMemory at 0x1cf35ab4d00 of 132 bytes failed: Solo se completó una parte de una solicitud ReadProcessMemory o WriteProcessMemory. (0x12B)
[1219/002300.238:ERROR:process_memory_win.cc(73)] ReadMemory at 0x1cf35ab4e30 of 132 bytes failed: Solo se completó una parte de una solicitud ReadProcessMemory o WriteProcessMemory. (0x12B)
[1219/002300.238:ERROR:process_memory_win.cc(73)] ReadMemory at 0x1cf35ab4f60 of 132 bytes failed: Solo se completó una parte de una solicitud ReadProcessMemory o WriteProcessMemory. (0x12B)
[1219/002300.238:ERROR:process_memory_win.cc(73)] ReadMemory at 0x1cf35ab5090 of 132 bytes failed: Solo se completó una parte de una solicitud ReadProcessMemory o WriteProcessMemory. (0x12B)
[1219/002300.238:ERROR:process_memory_win.cc(73)] ReadMemory at 0x1cf35ab51c0 of 132 bytes failed: Solo se completó una parte de una solicitud ReadProcessMemory o WriteProcessMemory. (0x12B)
[1219/002300.238:ERROR:process_memory_win.cc(73)] ReadMemory at 0x1cf35ab52f0 of 132 bytes failed: Solo se completó una parte de una solicitud ReadProcessMemory o WriteProcessMemory. (0x12B)
[1219/002300.238:ERROR:process_memory_win.cc(73)] ReadMemory at 0x1cf35ab5420 of 132 bytes failed: Solo se completó una parte de una solicitud ReadProcessMemory o WriteProcessMemory. (0x12B)
[1219/002300.238:ERROR:process_memory_win.cc(73)] ReadMemory at 0x1cf35ab5550 of 132 bytes failed: Solo se completó una parte de una solicitud ReadProcessMemory o WriteProcessMemory. (0x12B)
[1219/002300.238:ERROR:process_memory_win.cc(73)] ReadMemory at 0x1cf35ab5680 of 132 bytes failed: Solo se completó una parte de una solicitud ReadProcessMemory o WriteProcessMemory. (0x12B)
[1219/002300.238:ERROR:process_memory_win.cc(73)] ReadMemory at 0x1cf35ab57b0 of 132 bytes failed: Solo se completó una parte de una solicitud ReadProcessMemory o WriteProcessMemory. (0x12B)
[1219/002300.238:ERROR:process_memory_win.cc(73)] ReadMemory at 0x1cf35ab58e0 of 132 bytes failed: Solo se completó una parte de una solicitud ReadProcessMemory o WriteProcessMemory. (0x12B)
[1219/002300.239:ERROR:process_memory_win.cc(73)] ReadMemory at 0x1cf35ab5a10 of 132 bytes failed: Solo se completó una parte de una solicitud ReadProcessMemory o WriteProcessMemory. (0x12B)
[1219/002300.239:ERROR:process_memory_win.cc(73)] ReadMemory at 0x1cf35ab5b40 of 132 bytes failed: Solo se completó una parte de una solicitud ReadProcessMemory o WriteProcessMemory. (0x12B)
[1219/002300.239:ERROR:process_memory_win.cc(73)] ReadMemory at 0x1cf35ab5c70 of 132 bytes failed: Solo se completó una parte de una solicitud ReadProcessMemory o WriteProcessMemory. (0x12B)
[1219/002300.239:ERROR:process_memory_win.cc(73)] ReadMemory at 0x1cf35ab71e0 of 80 bytes failed: Solo se completó una parte de una solicitud ReadProcessMemory o WriteProcessMemory. (0x12B)
[1219/002300.239:ERROR:process_memory_win.cc(73)] ReadMemory at 0x1cf35ab77e0 of 80 bytes failed: Solo se completó una parte de una solicitud ReadProcessMemory o WriteProcessMemory. (0x12B)
[1219/002300.239:ERROR:process_memory_win.cc(73)] ReadMemory at 0x1cf35ac6c40 of 60 bytes failed: Solo se completó una parte de una solicitud ReadProcessMemory o WriteProcessMemory. (0x12B)
[1219/002300.239:ERROR:process_memory_win.cc(73)] ReadMemory at 0x1cf35ad8920 of 60 bytes failed: Solo se completó una parte de una solicitud ReadProcessMemory o WriteProcessMemory. (0x12B)
[1219/002300.239:ERROR:process_memory_win.cc(73)] ReadMemory at 0x1cf35ad8a60 of 60 bytes failed: Solo se completó una parte de una solicitud ReadProcessMemory o WriteProcessMemory. (0x12B)
[1219/002300.239:ERROR:process_memory_win.cc(73)] ReadMemory at 0x1cf35ad8ba0 of 66 bytes failed: Solo se completó una parte de una solicitud ReadProcessMemory o WriteProcessMemory. (0x12B)
[1219/002300.239:ERROR:process_memory_win.cc(73)] ReadMemory at 0x1cf35ad8c40 of 58 bytes failed: Solo se completó una parte de una solicitud ReadProcessMemory o WriteProcessMemory. (0x12B)
[1219/002300.239:ERROR:process_memory_win.cc(73)] ReadMemory at 0x1cf35ad8ce0 of 56 bytes failed: Solo se completó una parte de una solicitud ReadProcessMemory o WriteProcessMemory. (0x12B)
[1219/002300.239:ERROR:process_memory_win.cc(73)] ReadMemory at 0x1cf35ad9000 of 62 bytes failed: Solo se completó una parte de una solicitud ReadProcessMemory o WriteProcessMemory. (0x12B)
[1219/002300.239:ERROR:process_memory_win.cc(73)] ReadMemory at 0x1cf35ad92d0 of 60 bytes failed: Solo se completó una parte de una solicitud ReadProcessMemory o WriteProcessMemory. (0x12B)
[1219/002300.239:ERROR:process_memory_win.cc(73)] ReadMemory at 0x1cf35ad9370 of 58 bytes failed: Solo se completó una parte de una solicitud ReadProcessMemory o WriteProcessMemory. (0x12B)
[1219/002300.239:ERROR:process_memory_win.cc(73)] ReadMemory at 0x1cf35ad9550 of 62 bytes failed: Solo se completó una parte de una solicitud ReadProcessMemory o WriteProcessMemory. (0x12B)
[1219/002300.239:ERROR:process_memory_win.cc(73)] ReadMemory at 0x1cf35ae8a50 of 62 bytes failed: Solo se completó una parte de una solicitud ReadProcessMemory o WriteProcessMemory. (0x12B)
[1219/002300.239:ERROR:process_memory_win.cc(73)] ReadMemory at 0x1cf35aeebe0 of 78 bytes failed: Solo se completó una parte de una solicitud ReadProcessMemory o WriteProcessMemory. (0x12B)
[1219/002300.239:ERROR:process_memory_win.cc(73)] ReadMemory at 0x1cf35b10240 of 512 bytes failed: Solo se completó una parte de una solicitud ReadProcessMemory o WriteProcessMemory. (0x12B)
[1219/002300.239:ERROR:process_memory_win.cc(73)] ReadMemory at 0x1cf35b11bc0 of 512 bytes failed: Solo se completó una parte de una solicitud ReadProcessMemory o WriteProcessMemory. (0x12B)
[1219/002300.239:ERROR:process_memory_win.cc(73)] ReadMemory at 0x1cf35b16b60 of 512 bytes failed: Solo se completó una parte de una solicitud ReadProcessMemory o WriteProcessMemory. (0x12B)
[1219/002300.239:ERROR:process_memory_win.cc(73)] ReadMemory at 0x1cf35b20620 of 712 bytes failed: Solo se completó una parte de una solicitud ReadProcessMemory o WriteProcessMemory. (0x12B)
[1219/002300.240:ERROR:process_memory_win.cc(73)] ReadMemory at 0x1cf35b25b00 of 512 bytes failed: Solo se completó una parte de una solicitud ReadProcessMemory o WriteProcessMemory. (0x12B)
[1219/002300.240:ERROR:process_memory_win.cc(73)] ReadMemory at 0x1cf35b33690 of 512 bytes failed: Solo se completó una parte de una solicitud ReadProcessMemory o WriteProcessMemory. (0x12B)
[1219/002300.240:ERROR:process_memory_win.cc(73)] ReadMemory at 0x1cf35b6cc40 of 512 bytes failed: Solo se completó una parte de una solicitud ReadProcessMemory o WriteProcessMemory. (0x12B)
[1219/002300.240:ERROR:process_memory_win.cc(73)] ReadMemory at 0x1cf35b6cff0 of 512 bytes failed: Solo se completó una parte de una solicitud ReadProcessMemory o WriteProcessMemory. (0x12B)
[1219/002300.240:ERROR:process_memory_win.cc(73)] ReadMemory at 0x1cf37737900 of 512 bytes failed: Solo se completó una parte de una solicitud ReadProcessMemory o WriteProcessMemory. (0x12B)
[1219/002300.240:ERROR:process_memory_win.cc(73)] ReadMemory at 0x1cf3778eb80 of 512 bytes failed: Solo se completó una parte de una solicitud ReadProcessMemory o WriteProcessMemory. (0x12B)
[1219/002300.240:ERROR:process_memory_win.cc(73)] ReadMemory at 0x1cf38c7bf40 of 512 bytes failed: Solo se completó una parte de una solicitud ReadProcessMemory o WriteProcessMemory. (0x12B)
[1219/002300.240:ERROR:process_memory_win.cc(73)] ReadMemory at 0x1cf3e757680 of 512 bytes failed: Solo se completó una parte de una solicitud ReadProcessMemory o WriteProcessMemory. (0x12B)
[1219/002300.240:ERROR:process_memory_win.cc(73)] ReadMemory at 0x1cf3ee2cea0 of 512 bytes failed: Solo se completó una parte de una solicitud ReadProcessMemory o WriteProcessMemory. (0x12B)
[1219/002300.240:ERROR:process_memory_win.cc(73)] ReadMemory at 0x80da823b900 of 512 bytes failed: Solo se completó una parte de una solicitud ReadProcessMemory o WriteProcessMemory. (0x12B)
[1219/002300.240:ERROR:process_memory_win.cc(73)] ReadMemory at 0x580cd2630ef8 of 512 bytes failed: Solo se completó una parte de una solicitud ReadProcessMemory o WriteProcessMemory. (0x12B)
[1219/002300.240:ERROR:process_memory_win.cc(73)] ReadMemory at 0x7ffe28eabcf8 of 512 bytes failed: Solo se completó una parte de una solicitud ReadProcessMemory o WriteProcessMemory. (0x12B)
[1219/002300.240:ERROR:process_memory_win.cc(73)] ReadMemory at 0x7ffe2952598c of 512 bytes failed: Solo se completó una parte de una solicitud ReadProcessMemory o WriteProcessMemory. (0x12B)
[1219/002300.241:ERROR:scoped_process_suspend.cc(40)] NtResumeProcess: Se intentó obtener acceso a un proceso que está cerrándose. (0xc000010a)
[1219/003254.370:ERROR:directory_reader_win.cc(43)] FindFirstFile: El sistema no puede encontrar la ruta especificada. (0x3)
[1219/010138.256:ERROR:process_reader_win.cc(151)] SuspendThread: Acceso denegado. (0x5)
[1219/010138.257:ERROR:process_reader_win.cc(151)] SuspendThread: Acceso denegado. (0x5)
[1219/010138.257:ERROR:process_reader_win.cc(151)] SuspendThread: Acceso denegado. (0x5)
[1219/010138.257:ERROR:process_reader_win.cc(151)] SuspendThread: Acceso denegado. (0x5)
[1219/010138.257:ERROR:process_reader_win.cc(151)] SuspendThread: Acceso denegado. (0x5)
[1219/010138.257:ERROR:process_reader_win.cc(123)] NtOpenThread: {Acceso denegado} Un proceso ha solicitado acceso a un objeto, pero no se le han concedido esos derechos de acceso. (0xc0000022)
[1219/010138.257:ERROR:exception_snapshot_win.cc(99)] thread ID 11744 not found in process
[1219/010138.264:ERROR:process_reader_win.cc(151)] SuspendThread: Acceso denegado. (0x5)
[1219/010138.264:ERROR:process_reader_win.cc(151)] SuspendThread: Acceso denegado. (0x5)
[1219/010138.264:ERROR:process_reader_win.cc(123)] NtOpenThread: {Acceso denegado} Un proceso ha solicitado acceso a un objeto, pero no se le han concedido esos derechos de acceso. (0xc0000022)
[1219/010138.264:ERROR:exception_snapshot_win.cc(99)] thread ID 5984 not found in process
[1219/010451.771:ERROR:process_reader_win.cc(123)] NtOpenThread: {Acceso denegado} Un proceso ha solicitado acceso a un objeto, pero no se le han concedido esos derechos de acceso. (0xc0000022)
[1219/010451.771:ERROR:exception_snapshot_win.cc(99)] thread ID 16884 not found in process
[1219/010451.787:ERROR:process_reader_win.cc(123)] NtOpenThread: {Acceso denegado} Un proceso ha solicitado acceso a un objeto, pero no se le han concedido esos derechos de acceso. (0xc0000022)
[1219/010451.787:ERROR:exception_snapshot_win.cc(99)] thread ID 10660 not found in process
[1219/010514.230:ERROR:process_reader_win.cc(151)] SuspendThread: Acceso denegado. (0x5)
[1219/010514.231:ERROR:process_reader_win.cc(151)] SuspendThread: Acceso denegado. (0x5)
[1219/010514.231:ERROR:process_reader_win.cc(123)] NtOpenThread: {Acceso denegado} Un proceso ha solicitado acceso a un objeto, pero no se le han concedido esos derechos de acceso. (0xc0000022)
[1219/010514.231:ERROR:exception_snapshot_win.cc(99)] thread ID 11068 not found in process
[1219/010514.247:ERROR:process_reader_win.cc(123)] NtOpenThread: {Acceso denegado} Un proceso ha solicitado acceso a un objeto, pero no se le han concedido esos derechos de acceso. (0xc0000022)
[1219/010514.247:ERROR:exception_snapshot_win.cc(99)] thread ID 4476 not found in process
[1219/012430.711:ERROR:process_reader_win.cc(151)] SuspendThread: Acceso denegado. (0x5)
[1219/012430.712:ERROR:process_reader_win.cc(151)] SuspendThread: Acceso denegado. (0x5)
[1219/012430.712:ERROR:process_reader_win.cc(123)] NtOpenThread: {Acceso denegado} Un proceso ha solicitado acceso a un objeto, pero no se le han concedido esos derechos de acceso. (0xc0000022)
[1219/012430.712:ERROR:exception_snapshot_win.cc(99)] thread ID 21784 not found in process
[1219/012430.737:ERROR:process_reader_win.cc(123)] NtOpenThread: {Acceso denegado} Un proceso ha solicitado acceso a un objeto, pero no se le han concedido esos derechos de acceso. (0xc0000022)
[1219/012430.737:ERROR:exception_snapshot_win.cc(99)] thread ID 20888 not found in process
[1219/012604.462:ERROR:process_reader_win.cc(151)] SuspendThread: Acceso denegado. (0x5)
[1219/012604.462:ERROR:process_reader_win.cc(151)] SuspendThread: Acceso denegado. (0x5)
[1219/012604.462:ERROR:process_reader_win.cc(123)] NtOpenThread: {Acceso denegado} Un proceso ha solicitado acceso a un objeto, pero no se le han concedido esos derechos de acceso. (0xc0000022)
[1219/012604.463:ERROR:exception_snapshot_win.cc(99)] thread ID 18224 not found in process
[1219/012604.476:ERROR:process_reader_win.cc(123)] NtOpenThread: {Acceso denegado} Un proceso ha solicitado acceso a un objeto, pero no se le han concedido esos derechos de acceso. (0xc0000022)
[1219/012604.476:ERROR:exception_snapshot_win.cc(99)] thread ID 13668 not found in process
[1219/012805.819:ERROR:process_reader_win.cc(151)] SuspendThread: Acceso denegado. (0x5)
[1219/012805.819:ERROR:process_reader_win.cc(151)] SuspendThread: Acceso denegado. (0x5)
[1219/012805.819:ERROR:process_reader_win.cc(123)] NtOpenThread: {Acceso denegado} Un proceso ha solicitado acceso a un objeto, pero no se le han concedido esos derechos de acceso. (0xc0000022)
[1219/012805.819:ERROR:exception_snapshot_win.cc(99)] thread ID 5160 not found in process
[1219/012805.871:ERROR:process_reader_win.cc(123)] NtOpenThread: {Acceso denegado} Un proceso ha solicitado acceso a un objeto, pero no se le han concedido esos derechos de acceso. (0xc0000022)
[1219/012805.872:ERROR:exception_snapshot_win.cc(99)] thread ID 7440 not found in process
[1219/013004.847:ERROR:process_reader_win.cc(151)] SuspendThread: Acceso denegado. (0x5)
[1219/013004.847:ERROR:process_reader_win.cc(151)] SuspendThread: Acceso denegado. (0x5)
[1219/013004.847:ERROR:process_reader_win.cc(123)] NtOpenThread: {Acceso denegado} Un proceso ha solicitado acceso a un objeto, pero no se le han concedido esos derechos de acceso. (0xc0000022)
[1219/013004.848:ERROR:exception_snapshot_win.cc(99)] thread ID 21968 not found in process
[1219/013004.862:ERROR:process_reader_win.cc(123)] NtOpenThread: {Acceso denegado} Un proceso ha solicitado acceso a un objeto, pero no se le han concedido esos derechos de acceso. (0xc0000022)
[1219/013004.862:ERROR:exception_snapshot_win.cc(99)] thread ID 4812 not found in process
[1219/015017.710:ERROR:directory_reader_win.cc(43)] FindFirstFile: El sistema no puede encontrar la ruta especificada. (0x3)
[1219/030235.670:ERROR:directory_reader_win.cc(43)] FindFirstFile: El sistema no puede encontrar la ruta especificada. (0x3)
[1219/030901.672:ERROR:process_reader_win.cc(151)] SuspendThread: Acceso denegado. (0x5)
[1219/030901.673:ERROR:process_reader_win.cc(151)] SuspendThread: Acceso denegado. (0x5)
[1219/030901.673:ERROR:process_reader_win.cc(123)] NtOpenThread: {Acceso denegado} Un proceso ha solicitado acceso a un objeto, pero no se le han concedido esos derechos de acceso. (0xc0000022)
[1219/030901.673:ERROR:exception_snapshot_win.cc(99)] thread ID 19436 not found in process
[1219/030901.698:ERROR:process_reader_win.cc(123)] NtOpenThread: {Acceso denegado} Un proceso ha solicitado acceso a un objeto, pero no se le han concedido esos derechos de acceso. (0xc0000022)
[1219/030901.698:ERROR:exception_snapshot_win.cc(99)] thread ID 3320 not found in process
[1219/030901.732:ERROR:process_reader_win.cc(151)] SuspendThread: Acceso denegado. (0x5)
[1219/030901.732:ERROR:process_reader_win.cc(151)] SuspendThread: Acceso denegado. (0x5)
[1219/030901.732:ERROR:process_reader_win.cc(123)] NtOpenThread: {Acceso denegado} Un proceso ha solicitado acceso a un objeto, pero no se le han concedido esos derechos de acceso. (0xc0000022)
[1219/030901.732:ERROR:exception_snapshot_win.cc(99)] thread ID 19700 not found in process
[1219/030901.756:ERROR:process_reader_win.cc(151)] SuspendThread: Acceso denegado. (0x5)
[1219/030901.756:ERROR:process_reader_win.cc(151)] SuspendThread: Acceso denegado. (0x5)
[1219/030901.756:ERROR:process_reader_win.cc(151)] SuspendThread: Acceso denegado. (0x5)
[1219/030901.756:ERROR:process_reader_win.cc(123)] NtOpenThread: {Acceso denegado} Un proceso ha solicitado acceso a un objeto, pero no se le han concedido esos derechos de acceso. (0xc0000022)
[1219/030901.756:ERROR:exception_snapshot_win.cc(99)] thread ID 20428 not found in process
[1219/141954.522:ERROR:directory_reader_win.cc(43)] FindFirstFile: El sistema no puede encontrar la ruta especificada. (0x3)
[1219/143344.437:ERROR:process_reader_win.cc(123)] NtOpenThread: {Acceso denegado} Un proceso ha solicitado acceso a un objeto, pero no se le han concedido esos derechos de acceso. (0xc0000022)
[1219/143344.438:ERROR:exception_snapshot_win.cc(99)] thread ID 10008 not found in process
[1219/143344.449:ERROR:process_reader_win.cc(123)] NtOpenThread: {Acceso denegado} Un proceso ha solicitado acceso a un objeto, pero no se le han concedido esos derechos de acceso. (0xc0000022)
[1219/143344.449:ERROR:exception_snapshot_win.cc(99)] thread ID 3160 not found in process
[1219/144419.924:ERROR:directory_reader_win.cc(43)] FindFirstFile: El sistema no puede encontrar la ruta especificada. (0x3)
[1220/130555.529:ERROR:directory_reader_win.cc(43)] FindFirstFile: El sistema no puede encontrar la ruta especificada. (0x3)
